# JRE version: Java(TM) SE Runtime Environment (17.0.12+8) (build 17.0.12+8-LTS-286)
# Java VM: Java HotSpot(TM) 64-Bit Server VM (17.0.12+8-LTS-286, mixed mode, emulated-client, sharing, tiered, compressed oops, compressed class ptrs, g1 gc, windows-amd64)
GC Precious Log:
 CPUs: 16 total, 16 available
 Memory: 28416M
 Large Page Support: Disabled
 NUMA Support: Disabled
 Compressed Oops: Enabled (Zero based)
 Heap Region Size: 4M
 Heap Min Capacity: 8M
 Heap Initial Capacity: 448M
 Heap Max Capacity: 7108M
 Pre-touch: Disabled
 Parallel Workers: 13
 Concurrent Workers: 3
 Concurrent Refinement Workers: 13
 Periodic GC: Disabled
Heap:
 garbage-first heap   total 81920K, used 42548K [0x0000000643c00000, 0x0000000800000000)
  region size 4096K, 9 young (36864K), 2 survivors (8192K)
 Metaspace       used 38125K, committed 38528K, reserved 1114112K
  class space    used 5257K, committed 5440K, reserved 1048576K
GC Heap History (16 events):
Event: 0.492 GC heap before
{Heap before GC invocations=0 (full 0):
 garbage-first heap   total 458752K, used 20480K [0x0000000643c00000, 0x0000000800000000)
  region size 4096K, 5 young (20480K), 0 survivors (0K)
 Metaspace       used 6496K, committed 6720K, reserved 1114112K
  class space    used 804K, committed 896K, reserved 1048576K
}
Event: 0.495 GC heap after
{Heap after GC invocations=1 (full 0):
 garbage-first heap   total 458752K, used 6100K [0x0000000643c00000, 0x0000000800000000)
  region size 4096K, 1 young (4096K), 1 survivors (4096K)
 Metaspace       used 6496K, committed 6720K, reserved 1114112K
  class space    used 804K, committed 896K, reserved 1048576K
}
Event: 0.756 GC heap before
{Heap before GC invocations=1 (full 0):
 garbage-first heap   total 458752K, used 22484K [0x0000000643c00000, 0x0000000800000000)
  region size 4096K, 5 young (20480K), 1 survivors (4096K)
 Metaspace       used 9783K, committed 9984K, reserved 1114112K
  class space    used 1294K, committed 1408K, reserved 1048576K
}
Event: 0.758 GC heap after
{Heap after GC invocations=2 (full 0):
 garbage-first heap   total 458752K, used 7525K [0x0000000643c00000, 0x0000000800000000)
  region size 4096K, 1 young (4096K), 1 survivors (4096K)
 Metaspace       used 9783K, committed 9984K, reserved 1114112K
  class space    used 1294K, committed 1408K, reserved 1048576K
}
Event: 1.204 GC heap before
{Heap before GC invocations=2 (full 0):
 garbage-first heap   total 458752K, used 56677K [0x0000000643c00000, 0x0000000800000000)
  region size 4096K, 13 young (53248K), 1 survivors (4096K)
 Metaspace       used 18880K, committed 19200K, reserved 1114112K
  class space    used 2615K, committed 2752K, reserved 1048576K
}
Event: 1.206 GC heap after
{Heap after GC invocations=3 (full 0):
 garbage-first heap   total 458752K, used 10263K [0x0000000643c00000, 0x0000000800000000)
  region size 4096K, 1 young (4096K), 1 survivors (4096K)
 Metaspace       used 18880K, committed 19200K, reserved 1114112K
  class space    used 2615K, committed 2752K, reserved 1048576K
}
Event: 1.296 GC heap before
{Heap before GC invocations=3 (full 0):
 garbage-first heap   total 458752K, used 34839K [0x0000000643c00000, 0x0000000800000000)
  region size 4096K, 8 young (32768K), 1 survivors (4096K)
 Metaspace       used 21244K, committed 21504K, reserved 1114112K
  class space    used 2925K, committed 3072K, reserved 1048576K
}
Event: 1.299 GC heap after
{Heap after GC invocations=4 (full 0):
 garbage-first heap   total 458752K, used 11078K [0x0000000643c00000, 0x0000000800000000)
  region size 4096K, 2 young (8192K), 2 survivors (8192K)
 Metaspace       used 21244K, committed 21504K, reserved 1114112K
  class space    used 2925K, committed 3072K, reserved 1048576K
}
Event: 1.813 GC heap before
{Heap before GC invocations=5 (full 0):
 garbage-first heap   total 81920K, used 60230K [0x0000000643c00000, 0x0000000800000000)
  region size 4096K, 15 young (61440K), 2 survivors (8192K)
 Metaspace       used 27256K, committed 27584K, reserved 1114112K
  class space    used 3813K, committed 3968K, reserved 1048576K
}
Event: 1.817 GC heap after
{Heap after GC invocations=6 (full 0):
 garbage-first heap   total 81920K, used 14240K [0x0000000643c00000, 0x0000000800000000)
  region size 4096K, 2 young (8192K), 2 survivors (8192K)
 Metaspace       used 27256K, committed 27584K, reserved 1114112K
  class space    used 3813K, committed 3968K, reserved 1048576K
}
Event: 1.868 GC heap before
{Heap before GC invocations=6 (full 0):
 garbage-first heap   total 81920K, used 18336K [0x0000000643c00000, 0x0000000800000000)
  region size 4096K, 3 young (12288K), 2 survivors (8192K)
 Metaspace       used 27907K, committed 28224K, reserved 1114112K
  class space    used 3873K, committed 4032K, reserved 1048576K
}
Event: 1.874 GC heap after
{Heap after GC invocations=7 (full 0):
 garbage-first heap   total 81920K, used 14996K [0x0000000643c00000, 0x0000000800000000)
  region size 4096K, 1 young (4096K), 1 survivors (4096K)
 Metaspace       used 27907K, committed 28224K, reserved 1114112K
  class space    used 3873K, committed 4032K, reserved 1048576K
}
Event: 2.284 GC heap before
{Heap before GC invocations=7 (full 0):
 garbage-first heap   total 81920K, used 55956K [0x0000000643c00000, 0x0000000800000000)
  region size 4096K, 11 young (45056K), 1 survivors (4096K)
 Metaspace       used 33436K, committed 33728K, reserved 1114112K
  class space    used 4621K, committed 4736K, reserved 1048576K
}
Event: 2.286 GC heap after
{Heap after GC invocations=8 (full 0):
 garbage-first heap   total 81920K, used 16195K [0x0000000643c00000, 0x0000000800000000)
  region size 4096K, 1 young (4096K), 1 survivors (4096K)
 Metaspace       used 33436K, committed 33728K, reserved 1114112K
  class space    used 4621K, committed 4736K, reserved 1048576K
}
Event: 2.612 GC heap before
{Heap before GC invocations=8 (full 0):
 garbage-first heap   total 81920K, used 36675K [0x0000000643c00000, 0x0000000800000000)
  region size 4096K, 7 young (28672K), 1 survivors (4096K)
 Metaspace       used 35597K, committed 35968K, reserved 1114112K
  class space    used 4922K, committed 5120K, reserved 1048576K
}
Event: 2.614 GC heap after
{Heap after GC invocations=9 (full 0):
 garbage-first heap   total 81920K, used 17972K [0x0000000643c00000, 0x0000000800000000)
  region size 4096K, 2 young (8192K), 2 survivors (8192K)
 Metaspace       used 35597K, committed 35968K, reserved 1114112K
  class space    used 4922K, committed 5120K, reserved 1048576K
}

